<?xml version="1.0" encoding="utf-8"?><testsuites name="pytest tests"><testsuite name="pytest" errors="0" failures="0" skipped="0" tests="12" time="24.016" timestamp="2026-06-05T09:24:10.263610+00:00" hostname="agent-env-34003792-9542-4d31-ab11-583bb1579a4d"><testcase classname="backend.tests.test_fase6.TestMaintenance" name="test_get_public_returns_full_config" time="0.207" /><testcase classname="backend.tests.test_fase6.TestMaintenance" name="test_put_requires_pin" time="0.053" /><testcase classname="backend.tests.test_fase6.TestMaintenance" name="test_put_partial_update_persists" time="0.099" /><testcase classname="backend.tests.test_fase6.TestMaintenance" name="test_put_partial_does_not_wipe_other_fields" time="0.050" /><testcase classname="backend.tests.test_fase6.TestAIInsights" name="test_requires_pin" time="0.049" /><testcase classname="backend.tests.test_fase6.TestAIInsights" name="test_clear_cache_first" time="0.048" /><testcase classname="backend.tests.test_fase6.TestAIInsights" name="test_first_call_generates_fresh" time="13.631" /><testcase classname="backend.tests.test_fase6.TestAIInsights" name="test_second_call_returns_cached" time="0.053" /><testcase classname="backend.tests.test_fase6.TestAIInsights" name="test_force_bypass_cache" time="9.511" /><testcase classname="backend.tests.test_fase6.TestAIInsights" name="test_clear_cache_endpoint" time="0.050" /><testcase classname="backend.tests.test_fase6.TestModularRoutes" name="test_routes_files_exist" time="0.000" /><testcase classname="backend.tests.test_fase6.TestModularRoutes" name="test_endpoints_registered" time="0.176" /></testsuite></testsuites>