<?xml version="1.0" encoding="utf-8"?><testsuites name="pytest tests"><testsuite name="pytest" errors="0" failures="0" skipped="0" tests="13" time="1.628" timestamp="2026-05-16T09:17:06.208012+00:00" hostname="agent-env-570665ed-bfe7-4e71-95f4-8506f139a48f"><testcase classname="backend.tests.test_phase9.TestPwaAssets" name="test_manifest_json" time="0.304" /><testcase classname="backend.tests.test_phase9.TestPwaAssets" name="test_sw_js" time="0.092" /><testcase classname="backend.tests.test_phase9.TestPwaAssets" name="test_offline_html" time="0.093" /><testcase classname="backend.tests.test_phase9.TestPwaAssets" name="test_icon_192" time="0.092" /><testcase classname="backend.tests.test_phase9.TestPwaAssets" name="test_screenshot_buyer_mobile" time="0.074" /><testcase classname="backend.tests.test_phase9.TestStoreConfigOnboardingTexts" name="test_get_store_config_has_default_onboarding_texts" time="0.066" /><testcase classname="backend.tests.test_phase9.TestStoreConfigOnboardingTexts" name="test_update_onboarding_texts_persists" time="0.268" /><testcase classname="backend.tests.test_phase9.TestStoreConfigOnboardingTexts" name="test_put_store_config_requires_pin" time="0.089" /><testcase classname="backend.tests.test_phase9.TestMediaUpload" name="test_upload_without_pin_rejected" time="0.078" /><testcase classname="backend.tests.test_phase9.TestMediaUpload" name="test_upload_with_pin_accepted" time="0.105" /><testcase classname="backend.tests.test_phase9.TestRegression" name="test_products_list" time="0.069" /><testcase classname="backend.tests.test_phase9.TestRegression" name="test_discounts_list" time="0.082" /><testcase classname="backend.tests.test_phase9.TestRegression" name="test_orders_list_requires_pin" time="0.084" /></testsuite></testsuites>