<?xml version="1.0" encoding="utf-8"?><testsuites name="pytest tests"><testsuite name="pytest" errors="0" failures="1" skipped="0" tests="22" time="2.163" timestamp="2026-06-05T08:41:22.410378+00:00" hostname="agent-env-34003792-9542-4d31-ab11-583bb1579a4d"><testcase classname="backend.tests.test_fase4.TestAuth" name="test_unauth_returns_401[/dashboard/general]" time="0.272" /><testcase classname="backend.tests.test_fase4.TestAuth" name="test_unauth_returns_401[/dashboard/inventory]" time="0.148" /><testcase classname="backend.tests.test_fase4.TestAuth" name="test_unauth_returns_401[/dashboard/sales]" time="0.103" /><testcase classname="backend.tests.test_fase4.TestAuth" name="test_unauth_returns_401[/dashboard/customer]" time="0.105" /><testcase classname="backend.tests.test_fase4.TestAuth" name="test_with_pin_returns_200[/dashboard/general]" time="0.101" /><testcase classname="backend.tests.test_fase4.TestAuth" name="test_with_pin_returns_200[/dashboard/inventory]" time="0.047" /><testcase classname="backend.tests.test_fase4.TestAuth" name="test_with_pin_returns_200[/dashboard/sales]" time="0.044" /><testcase classname="backend.tests.test_fase4.TestAuth" name="test_with_pin_returns_200[/dashboard/customer]" time="0.047" /><testcase classname="backend.tests.test_fase4.TestDashboardGeneral" name="test_shape" time="0.057" /><testcase classname="backend.tests.test_fase4.TestDashboardGeneral" name="test_recent_orders_max_10" time="0.046" /><testcase classname="backend.tests.test_fase4.TestDashboardGeneral" name="test_period_variations" time="0.135" /><testcase classname="backend.tests.test_fase4.TestDashboardGeneral" name="test_custom_period" time="0.048" /><testcase classname="backend.tests.test_fase4.TestDashboardGeneral" name="test_real_data_orders_match_db_count" time="0.102" /><testcase classname="backend.tests.test_fase4.TestDashboardInventory" name="test_shape" time="0.046" /><testcase classname="backend.tests.test_fase4.TestDashboardInventory" name="test_stock_value_matches_sum_price_stock" time="0.087"><failure message="AssertionError: stock_value kpi=7883000 vs expected=14800000.0&#10;assert (6917000.0 &lt; 1.0 or 7883000 == 14800000.0)&#10; +  where 6917000.0 = abs((7883000 - 14800000.0))">backend/tests/test_fase4.py:154: in test_stock_value_matches_sum_price_stock
    assert abs(stock_value_kpi - expected) &lt; 1.0 or stock_value_kpi == expected, (
E   AssertionError: stock_value kpi=7883000 vs expected=14800000.0
E   assert (6917000.0 &lt; 1.0 or 7883000 == 14800000.0)
E    +  where 6917000.0 = abs((7883000 - 14800000.0))</failure></testcase><testcase classname="backend.tests.test_fase4.TestDashboardInventory" name="test_total_products_matches_active_count" time="0.094" /><testcase classname="backend.tests.test_fase4.TestDashboardSales" name="test_shape" time="0.059" /><testcase classname="backend.tests.test_fase4.TestDashboardSales" name="test_payment_breakdown_list" time="0.045" /><testcase classname="backend.tests.test_fase4.TestDashboardCustomer" name="test_shape" time="0.043" /><testcase classname="backend.tests.test_fase4.TestDashboardConfig" name="test_get_returns_dashboard_config" time="0.043" /><testcase classname="backend.tests.test_fase4.TestDashboardConfig" name="test_partial_update_preserves_siblings" time="0.184" /><testcase classname="backend.tests.test_fase4.TestDashboardConfig" name="test_default_period_update" time="0.183" /></testsuite></testsuites>