<?xml version="1.0" encoding="utf-8"?><testsuites name="pytest tests"><testsuite name="pytest" errors="0" failures="0" skipped="0" tests="19" time="3.477" timestamp="2026-05-15T10:23:27.158733+00:00" hostname="agent-env-570665ed-bfe7-4e71-95f4-8506f139a48f"><testcase classname="backend.tests.test_ciltarasa.TestAuth" name="test_request_otp_returns_demo_code" time="0.586" /><testcase classname="backend.tests.test_ciltarasa.TestAuth" name="test_request_otp_invalid_phone" time="0.076" /><testcase classname="backend.tests.test_ciltarasa.TestAuth" name="test_verify_otp_correct" time="0.364" /><testcase classname="backend.tests.test_ciltarasa.TestAuth" name="test_verify_otp_wrong" time="0.152" /><testcase classname="backend.tests.test_ciltarasa.TestAuth" name="test_auth_me_returns_user" time="0.277" /><testcase classname="backend.tests.test_ciltarasa.TestProducts" name="test_get_products_has_new_fields" time="0.069" /><testcase classname="backend.tests.test_ciltarasa.TestProducts" name="test_create_product_with_gdrive_conversion" time="0.079" /><testcase classname="backend.tests.test_ciltarasa.TestProducts" name="test_update_product_gdrive" time="0.101" /><testcase classname="backend.tests.test_ciltarasa.TestProducts" name="test_delete_test_product" time="0.084" /><testcase classname="backend.tests.test_ciltarasa.TestStoreConfig" name="test_get_store_config" time="0.148" /><testcase classname="backend.tests.test_ciltarasa.TestStoreConfig" name="test_update_store_config" time="0.160" /><testcase classname="backend.tests.test_ciltarasa.TestDiscounts" name="test_get_discounts" time="0.075" /><testcase classname="backend.tests.test_ciltarasa.TestDiscounts" name="test_discount_crud" time="0.236" /><testcase classname="backend.tests.test_ciltarasa.TestReviews" name="test_create_review_updates_product_aggregation" time="0.465" /><testcase classname="backend.tests.test_ciltarasa.TestOrders" name="test_create_order_normalizes_phone" time="0.173" /><testcase classname="backend.tests.test_ciltarasa.TestOrders" name="test_track_by_old_phone_format" time="0.087" /><testcase classname="backend.tests.test_ciltarasa.TestOrders" name="test_track_by_62_format" time="0.092" /><testcase classname="backend.tests.test_ciltarasa.TestOrders" name="test_mark_order_received" time="0.087" /><testcase classname="backend.tests.test_ciltarasa.TestOrders" name="test_demo_ord_0004_received" time="0.076" /></testsuite></testsuites>