<?xml version="1.0" encoding="utf-8"?><testsuites name="pytest tests"><testsuite name="pytest" errors="0" failures="0" skipped="0" tests="24" time="4.081" timestamp="2026-05-20T06:33:30.735074+00:00" hostname="agent-env-570665ed-bfe7-4e71-95f4-8506f139a48f"><testcase classname="backend.tests.test_phase10.TestVerifyPin" name="test_verify_pin_success" time="0.560" /><testcase classname="backend.tests.test_phase10.TestVerifyPin" name="test_verify_pin_wrong" time="0.042" /><testcase classname="backend.tests.test_phase10.TestChangePin" name="test_change_pin_too_short" time="0.072" /><testcase classname="backend.tests.test_phase10.TestChangePin" name="test_change_pin_same_as_current" time="0.071" /><testcase classname="backend.tests.test_phase10.TestChangePin" name="test_change_pin_wrong_current" time="0.070" /><testcase classname="backend.tests.test_phase10.TestChangePin" name="test_change_pin_success_and_old_invalidated" time="0.245" /><testcase classname="backend.tests.test_phase10.TestChangePin" name="test_header_guard_switches_with_pin" time="0.110" /><testcase classname="backend.tests.test_phase10.TestChangePin" name="test_change_pin_back_to_default" time="0.172" /><testcase classname="backend.tests.test_phase10.TestAnalyticsTrack" name="test_track_no_auth_required" time="0.045" /><testcase classname="backend.tests.test_phase10.TestAnalyticsTrack" name="test_track_idempotent_same_session" time="0.350" /><testcase classname="backend.tests.test_phase10.TestAnalyticsTrack" name="test_track_pwa_increments_pwa_counter" time="0.319" /><testcase classname="backend.tests.test_phase10.TestAnalyticsStats" name="test_stats_requires_pin" time="0.539" /><testcase classname="backend.tests.test_phase10.TestAnalyticsStats" name="test_stats_wrong_pin" time="0.085" /><testcase classname="backend.tests.test_phase10.TestAnalyticsStats" name="test_stats_shape" time="0.078" /><testcase classname="backend.tests.test_phase10.TestParsers" name="test_device_ios" time="0.137" /><testcase classname="backend.tests.test_phase10.TestParsers" name="test_device_android" time="0.150" /><testcase classname="backend.tests.test_phase10.TestParsers" name="test_device_desktop" time="0.149" /><testcase classname="backend.tests.test_phase10.TestParsers" name="test_referrer_google" time="0.155" /><testcase classname="backend.tests.test_phase10.TestParsers" name="test_referrer_instagram" time="0.142" /><testcase classname="backend.tests.test_phase10.TestParsers" name="test_referrer_tiktok" time="0.153" /><testcase classname="backend.tests.test_phase10.TestParsers" name="test_referrer_direct" time="0.131" /><testcase classname="backend.tests.test_phase10.TestRegression" name="test_store_config_get_still_works" time="0.028" /><testcase classname="backend.tests.test_phase10.TestRegression" name="test_products_list_still_works" time="0.034" /><testcase classname="backend.tests.test_phase10.TestRegression" name="test_orders_list_still_works" time="0.097" /></testsuite></testsuites>