<?xml version="1.0" encoding="utf-8"?><testsuites name="pytest tests"><testsuite name="pytest" errors="0" failures="1" skipped="0" tests="10" time="6.525" timestamp="2026-06-05T08:00:48.390089+00:00" hostname="agent-env-34003792-9542-4d31-ab11-583bb1579a4d"><testcase classname="backend.tests.test_fase2.TestStoreConfigPaymentTexts" name="test_get_store_config_has_qris_and_payment_texts" time="0.258" /><testcase classname="backend.tests.test_fase2.TestStoreConfigPaymentTexts" name="test_update_qris_image_url" time="0.225" /><testcase classname="backend.tests.test_fase2.TestStoreConfigPaymentTexts" name="test_update_payment_texts_partial_does_not_wipe_siblings" time="0.231" /><testcase classname="backend.tests.test_fase2.TestStoreConfigPaymentTexts" name="test_update_requires_seller_pin" time="0.140" /><testcase classname="backend.tests.test_fase2.TestMediaUpload" name="test_upload_jpg_returns_url" time="0.251"><failure message="AssertionError: assert 'max-age' in 'no-store, no-cache, must-revalidate'&#10; +  where 'no-store, no-cache, must-revalidate' = &lt;built-in method lower of str object at 0xfeef8dadcb70&gt;()&#10; +    where &lt;built-in method lower of str object at 0xfeef8dadcb70&gt; = 'no-store, no-cache, must-revalidate'.lower&#10; +      where 'no-store, no-cache, must-revalidate' = get('cache-control', '')&#10; +        where get = {'Date': 'Fri, 05 Jun 2026 08:00:49 GMT', 'Content-Type': 'image/jpeg', 'Content-Length': '333', 'Connection': 'keep-alive', 'CF-Ray': 'a06da5557c4ce578-ORD', 'CF-Cache-Status': 'DYNAMIC', 'Access-Control-Allow-Origin': '*', 'Cache-Control': 'no-store, no-cache, must-revalidate', 'Server': 'cloudflare', 'Via': '1.1 google', 'Access-Control-Allow-Headers': '*', 'Access-Control-Allow-Methods': 'GET, POST, PUT, DELETE, OPTIONS, HEAD, PATCH', 'Access-Control-Max-Age': '300', 'set-cookie': '__cf_bm=Y.mTQZiFlEwbVcHOtOqHRM3sBVtRgNPBFl2h2B8nNWY-1780646449.5168283-1.0.1.1-Opbt2owGY1M_pdztOwnMsyFGzOSFpxHcUwlbbltOjZn78umEBJk6FXQbMqZYWtiJMIYe2We0sfd873KQ2e1_4fO5B5MyNk6pDs9rSLLbuA0RHvLthbHiW7pjUbxvzWjc; HttpOnly; SameSite=None; Secure; Path=/; Domain=preview.emergentagent.com; Expires=Fri, 05 Jun 2026 08:30:49 GMT', 'X-Robots-Tag': 'noindex, nofollow'}.get&#10; +          where {'Date': 'Fri, 05 Jun 2026 08:00:49 GMT', 'Content-Type': 'image/jpeg', 'Content-Length': '333', 'Connection': 'keep-alive', 'CF-Ray': 'a06da5557c4ce578-ORD', 'CF-Cache-Status': 'DYNAMIC', 'Access-Control-Allow-Origin': '*', 'Cache-Control': 'no-store, no-cache, must-revalidate', 'Server': 'cloudflare', 'Via': '1.1 google', 'Access-Control-Allow-Headers': '*', 'Access-Control-Allow-Methods': 'GET, POST, PUT, DELETE, OPTIONS, HEAD, PATCH', 'Access-Control-Max-Age': '300', 'set-cookie': '__cf_bm=Y.mTQZiFlEwbVcHOtOqHRM3sBVtRgNPBFl2h2B8nNWY-1780646449.5168283-1.0.1.1-Opbt2owGY1M_pdztOwnMsyFGzOSFpxHcUwlbbltOjZn78umEBJk6FXQbMqZYWtiJMIYe2We0sfd873KQ2e1_4fO5B5MyNk6pDs9rSLLbuA0RHvLthbHiW7pjUbxvzWjc; HttpOnly; SameSite=None; Secure; Path=/; Domain=preview.emergentagent.com; Expires=Fri, 05 Jun 2026 08:30:49 GMT', 'X-Robots-Tag': 'noindex, nofollow'} = &lt;Response [200]&gt;.headers">backend/tests/test_fase2.py:105: in test_upload_jpg_returns_url
    assert "max-age" in r2.headers.get("cache-control", "").lower()
E   AssertionError: assert 'max-age' in 'no-store, no-cache, must-revalidate'
E    +  where 'no-store, no-cache, must-revalidate' = &lt;built-in method lower of str object at 0xfeef8dadcb70&gt;()
E    +    where &lt;built-in method lower of str object at 0xfeef8dadcb70&gt; = 'no-store, no-cache, must-revalidate'.lower
E    +      where 'no-store, no-cache, must-revalidate' = get('cache-control', '')
E    +        where get = {'Date': 'Fri, 05 Jun 2026 08:00:49 GMT', 'Content-Type': 'image/jpeg', 'Content-Length': '333', 'Connection': 'keep-alive', 'CF-Ray': 'a06da5557c4ce578-ORD', 'CF-Cache-Status': 'DYNAMIC', 'Access-Control-Allow-Origin': '*', 'Cache-Control': 'no-store, no-cache, must-revalidate', 'Server': 'cloudflare', 'Via': '1.1 google', 'Access-Control-Allow-Headers': '*', 'Access-Control-Allow-Methods': 'GET, POST, PUT, DELETE, OPTIONS, HEAD, PATCH', 'Access-Control-Max-Age': '300', 'set-cookie': '__cf_bm=Y.mTQZiFlEwbVcHOtOqHRM3sBVtRgNPBFl2h2B8nNWY-1780646449.5168283-1.0.1.1-Opbt2owGY1M_pdztOwnMsyFGzOSFpxHcUwlbbltOjZn78umEBJk6FXQbMqZYWtiJMIYe2We0sfd873KQ2e1_4fO5B5MyNk6pDs9rSLLbuA0RHvLthbHiW7pjUbxvzWjc; HttpOnly; SameSite=None; Secure; Path=/; Domain=preview.emergentagent.com; Expires=Fri, 05 Jun 2026 08:30:49 GMT', 'X-Robots-Tag': 'noindex, nofollow'}.get
E    +          where {'Date': 'Fri, 05 Jun 2026 08:00:49 GMT', 'Content-Type': 'image/jpeg', 'Content-Length': '333', 'Connection': 'keep-alive', 'CF-Ray': 'a06da5557c4ce578-ORD', 'CF-Cache-Status': 'DYNAMIC', 'Access-Control-Allow-Origin': '*', 'Cache-Control': 'no-store, no-cache, must-revalidate', 'Server': 'cloudflare', 'Via': '1.1 google', 'Access-Control-Allow-Headers': '*', 'Access-Control-Allow-Methods': 'GET, POST, PUT, DELETE, OPTIONS, HEAD, PATCH', 'Access-Control-Max-Age': '300', 'set-cookie': '__cf_bm=Y.mTQZiFlEwbVcHOtOqHRM3sBVtRgNPBFl2h2B8nNWY-1780646449.5168283-1.0.1.1-Opbt2owGY1M_pdztOwnMsyFGzOSFpxHcUwlbbltOjZn78umEBJk6FXQbMqZYWtiJMIYe2We0sfd873KQ2e1_4fO5B5MyNk6pDs9rSLLbuA0RHvLthbHiW7pjUbxvzWjc; HttpOnly; SameSite=None; Secure; Path=/; Domain=preview.emergentagent.com; Expires=Fri, 05 Jun 2026 08:30:49 GMT', 'X-Robots-Tag': 'noindex, nofollow'} = &lt;Response [200]&gt;.headers</failure></testcase><testcase classname="backend.tests.test_fase2.TestMediaUpload" name="test_upload_rejects_unsupported_mime" time="0.097" /><testcase classname="backend.tests.test_fase2.TestMediaUpload" name="test_upload_requires_seller_pin" time="0.107" /><testcase classname="backend.tests.test_fase2.TestOrderCreateWithPaymentFields" name="test_order_bank_transfer_pay_now_with_proof" time="2.542" /><testcase classname="backend.tests.test_fase2.TestOrderCreateWithPaymentFields" name="test_order_bank_transfer_pay_later_no_proof" time="1.279" /><testcase classname="backend.tests.test_fase2.TestOrderCreateWithPaymentFields" name="test_order_qris_with_proof" time="1.277" /></testsuite></testsuites>