<?xml version="1.0" encoding="utf-8"?><testsuites name="pytest tests"><testsuite name="pytest" errors="0" failures="0" skipped="0" tests="15" time="2.230" timestamp="2026-05-20T08:54:21.745554+00:00" hostname="agent-env-570665ed-bfe7-4e71-95f4-8506f139a48f"><testcase classname="backend.tests.test_phase11.TestAnalyticsStatsDefault" name="test_default_has_new_fields" time="0.518" /><testcase classname="backend.tests.test_phase11.TestAnalyticsStatsCustomRange" name="test_custom_range" time="0.035" /><testcase classname="backend.tests.test_phase11.TestAnalyticsStatsCustomRange" name="test_invalid_from_date_falls_back" time="0.036" /><testcase classname="backend.tests.test_phase11.TestAnalyticsStatsCustomRange" name="test_swapped_dates_are_swapped" time="0.071" /><testcase classname="backend.tests.test_phase11.TestAnalyticsStatsAuth" name="test_no_pin_unauthorized" time="0.324" /><testcase classname="backend.tests.test_phase11.TestAnalyticsStatsAuth" name="test_with_pin_ok" time="0.032" /><testcase classname="backend.tests.test_phase11.TestConversionMath" name="test_track_then_order_then_conversion" time="0.467" /><testcase classname="backend.tests.test_phase11.TestStoreConfigThresholds" name="test_get_returns_defaults" time="0.030" /><testcase classname="backend.tests.test_phase11.TestStoreConfigThresholds" name="test_put_threshold_updates_insights" time="0.235" /><testcase classname="backend.tests.test_phase11.TestStoreConfigThresholds" name="test_threshold_zero_does_not_crash" time="0.112" /><testcase classname="backend.tests.test_phase11.TestStoreConfigThresholds" name="test_restore_defaults" time="0.063" /><testcase classname="backend.tests.test_phase11.TestRegression" name="test_products" time="0.028" /><testcase classname="backend.tests.test_phase11.TestRegression" name="test_orders" time="0.033" /><testcase classname="backend.tests.test_phase11.TestRegression" name="test_store_config" time="0.051" /><testcase classname="backend.tests.test_phase11.TestRegression" name="test_verify_pin" time="0.105" /></testsuite></testsuites>