<?xml version="1.0" encoding="utf-8"?><testsuites name="pytest tests"><testsuite name="pytest" errors="0" failures="0" skipped="0" tests="13" time="2.786" timestamp="2026-05-15T06:54:28.873521+00:00" hostname="agent-env-570665ed-bfe7-4e71-95f4-8506f139a48f"><testcase classname="backend.tests.test_ciltarasa.TestProducts" name="test_get_products_returns_12" time="0.788" /><testcase classname="backend.tests.test_ciltarasa.TestProducts" name="test_products_have_required_fields" time="0.100" /><testcase classname="backend.tests.test_ciltarasa.TestProducts" name="test_products_categories" time="0.505" /><testcase classname="backend.tests.test_ciltarasa.TestOrders" name="test_get_orders" time="0.114" /><testcase classname="backend.tests.test_ciltarasa.TestOrders" name="test_get_orders_no_mongo_id" time="0.109" /><testcase classname="backend.tests.test_ciltarasa.TestOrders" name="test_track_order_by_id" time="0.114" /><testcase classname="backend.tests.test_ciltarasa.TestOrders" name="test_track_order_by_phone" time="0.092" /><testcase classname="backend.tests.test_ciltarasa.TestOrders" name="test_create_order" time="0.187" /><testcase classname="backend.tests.test_ciltarasa.TestOrders" name="test_update_order_status" time="0.237" /><testcase classname="backend.tests.test_ciltarasa.TestSettings" name="test_get_settings" time="0.158" /><testcase classname="backend.tests.test_ciltarasa.TestReports" name="test_sales_report_month" time="0.095" /><testcase classname="backend.tests.test_ciltarasa.TestReports" name="test_sales_report_week" time="0.102" /><testcase classname="backend.tests.test_ciltarasa.TestReports" name="test_financial_report" time="0.105" /></testsuite></testsuites>