<?xml version="1.0" encoding="utf-8"?><testsuites name="pytest tests"><testsuite name="pytest" errors="0" failures="0" skipped="0" tests="4" time="7.667" timestamp="2026-06-05T07:42:47.297372+00:00" hostname="agent-env-34003792-9542-4d31-ab11-583bb1579a4d"><testcase classname="backend.tests.test_fase1.TestBug11StockRestore" name="test_stock_decreases_on_order_create_then_restored_on_cancel" time="3.946" /><testcase classname="backend.tests.test_fase1.TestFonnteStatusEndpoint" name="test_requires_pin" time="0.111" /><testcase classname="backend.tests.test_fase1.TestFonnteStatusEndpoint" name="test_returns_status_with_pin" time="1.100" /><testcase classname="backend.tests.test_fase1.TestWAOrderDiagnostics" name="test_order_create_includes_wa_diagnostics" time="2.334" /></testsuite></testsuites>