<?xml version="1.0" encoding="utf-8"?><testsuites name="pytest tests"><testsuite name="pytest" errors="0" failures="0" skipped="0" tests="13" time="8.954" timestamp="2026-06-05T08:58:20.117804+00:00" hostname="agent-env-34003792-9542-4d31-ab11-583bb1579a4d"><testcase classname="backend.tests.test_fase5.TestVapidKey" name="test_get_vapid_key_no_auth" time="0.454" /><testcase classname="backend.tests.test_fase5.TestVapidKey" name="test_vapid_persists_across_calls" time="0.413" /><testcase classname="backend.tests.test_fase5.TestSubscribeFlow" name="test_subscribe_requires_pin" time="1.330" /><testcase classname="backend.tests.test_fase5.TestSubscribeFlow" name="test_subscribe_and_list" time="0.526" /><testcase classname="backend.tests.test_fase5.TestSubscribeFlow" name="test_subscribe_upsert_no_duplicate" time="0.634" /><testcase classname="backend.tests.test_fase5.TestSubscribeFlow" name="test_unsubscribe" time="0.524" /><testcase classname="backend.tests.test_fase5.TestSubscribeFlow" name="test_list_requires_pin" time="0.325" /><testcase classname="backend.tests.test_fase5.TestPushTestAndCleanup" name="test_push_test_requires_pin" time="0.318" /><testcase classname="backend.tests.test_fase5.TestPushTestAndCleanup" name="test_push_test_shape_and_stale_cleanup" time="0.668" /><testcase classname="backend.tests.test_fase5.TestOrderPushBroadcast" name="test_create_order_returns_push_sent_zero" time="1.430" /><testcase classname="backend.tests.test_fase5.TestOrderPushBroadcast" name="test_create_order_with_fake_sub_push_sent_zero" time="1.631" /><testcase classname="backend.tests.test_fase5.TestStaticAssets" name="test_seller_manifest_served" time="0.310" /><testcase classname="backend.tests.test_fase5.TestStaticAssets" name="test_sw_js_served_with_version" time="0.296" /></testsuite></testsuites>