<?xml version="1.0" encoding="utf-8"?><testsuites name="pytest tests"><testsuite name="pytest" errors="0" failures="0" skipped="0" tests="10" time="15.443" timestamp="2026-06-05T08:20:32.538991+00:00" hostname="agent-env-34003792-9542-4d31-ab11-583bb1579a4d"><testcase classname="backend.tests.test_fase3.TestStoreConfigShape" name="test_auto_chat_config_has_5_stages" time="0.007" /><testcase classname="backend.tests.test_fase3.TestStoreConfigShape" name="test_invoice_texts_has_required_keys" time="0.000" /><testcase classname="backend.tests.test_fase3.TestPartialUpdate" name="test_partial_auto_chat_update_preserves_siblings" time="0.090" /><testcase classname="backend.tests.test_fase3.TestPartialUpdate" name="test_partial_invoice_texts_update_preserves_siblings" time="0.087" /><testcase classname="backend.tests.test_fase3.TestPartialUpdate" name="test_pin_required_for_put" time="0.003" /><testcase classname="backend.tests.test_fase3.TestAutoChatTrigger" name="test_order_create_triggers_seller_wa_by_default" time="1.498" /><testcase classname="backend.tests.test_fase3.TestAutoChatTrigger" name="test_buyer_enabled_triggers_buyer_wa_on_create" time="2.262" /><testcase classname="backend.tests.test_fase3.TestAutoChatTrigger" name="test_status_update_triggers_wa_for_buyer_by_default" time="3.596" /><testcase classname="backend.tests.test_fase3.TestAutoChatTrigger" name="test_status_update_seller_enabled_triggers_seller_wa" time="5.516" /><testcase classname="backend.tests.test_fase3.TestAutoChatTrigger" name="test_template_placeholders_rendered" time="2.179" /></testsuite></testsuites>