<?xml version="1.0" encoding="utf-8"?><testsuites name="pytest tests"><testsuite name="pytest" errors="0" failures="0" skipped="0" tests="13" time="3.279" timestamp="2026-05-15T15:53:34.067408+00:00" hostname="agent-env-570665ed-bfe7-4e71-95f4-8506f139a48f"><testcase classname="backend.tests.test_phase8" name="test_store_config_has_new_fields" time="0.718" /><testcase classname="backend.tests.test_phase8" name="test_store_config_persists_new_fields" time="0.353" /><testcase classname="backend.tests.test_phase8" name="test_request_otp_with_fonnte_token_returns_wa_sent_flag" time="0.266" /><testcase classname="backend.tests.test_phase8" name="test_request_otp_without_token_falls_back_to_demo" time="0.185" /><testcase classname="backend.tests.test_phase8" name="test_verify_otp_reads_from_db" time="0.239" /><testcase classname="backend.tests.test_phase8" name="test_create_order_includes_wa_seller_sent_flag" time="0.221" /><testcase classname="backend.tests.test_phase8" name="test_update_order_status_sends_wa_to_buyer" time="0.342" /><testcase classname="backend.tests.test_phase8" name="test_admin_test_wa" time="0.183" /><testcase classname="backend.tests.test_phase8" name="test_admin_test_wa_skipped_when_disabled" time="0.157" /><testcase classname="backend.tests.test_phase8" name="test_reset_customers_requires_confirm" time="0.031" /><testcase classname="backend.tests.test_phase8" name="test_reset_customers_scope_orders" time="0.238" /><testcase classname="backend.tests.test_phase8" name="test_reset_customers_scope_users" time="0.079" /><testcase classname="backend.tests.test_phase8" name="test_fonnte_invalid_target_skipped" time="0.040" /></testsuite></testsuites>