<?xml version="1.0" encoding="utf-8"?><testsuites name="pytest tests"><testsuite name="pytest" errors="0" failures="0" skipped="0" tests="15" time="3.115" timestamp="2026-05-15T12:09:37.064125+00:00" hostname="agent-env-570665ed-bfe7-4e71-95f4-8506f139a48f"><testcase classname="backend.tests.test_phase7.TestStoreConfigNewFields" name="test_get_store_config_has_phase7_fields" time="0.314" /><testcase classname="backend.tests.test_phase7.TestStoreConfigNewFields" name="test_update_homepage_texts" time="0.372" /><testcase classname="backend.tests.test_phase7.TestStoreConfigNewFields" name="test_update_hero_slides" time="0.431" /><testcase classname="backend.tests.test_phase7.TestStoreConfigNewFields" name="test_update_fun_facts" time="0.374" /><testcase classname="backend.tests.test_phase7.TestPurchases" name="test_create_purchase_auto_po_number" time="0.223" /><testcase classname="backend.tests.test_phase7.TestPurchases" name="test_get_purchases_list" time="0.075" /><testcase classname="backend.tests.test_phase7.TestPurchases" name="test_update_purchase" time="0.086" /><testcase classname="backend.tests.test_phase7.TestPurchases" name="test_receive_purchase_increments_stock_and_cost" time="0.158" /><testcase classname="backend.tests.test_phase7.TestPurchases" name="test_receive_twice_fails" time="0.079" /><testcase classname="backend.tests.test_phase7.TestPurchases" name="test_filter_purchases_by_status" time="0.074" /><testcase classname="backend.tests.test_phase7.TestPurchases" name="test_delete_purchase" time="0.128" /><testcase classname="backend.tests.test_phase7.TestInsights" name="test_insights_dashboard_structure" time="0.068" /><testcase classname="backend.tests.test_phase7.TestRecommendations" name="test_recommendations_by_phone_works_for_guest" time="0.090" /><testcase classname="backend.tests.test_phase7.TestRecommendations" name="test_recommendations_new_user_returns_top_selling" time="0.081" /><testcase classname="backend.tests.test_phase7.TestRecommendations" name="test_recommendations_by_user_id" time="0.469" /></testsuite></testsuites>